18:45:22.110 [background-preinit] INFO  o.h.validator.internal.util.Version - HV000001: Hibernate Validator 6.2.3.Final
18:45:22.118 [main] INFO  c.b.TicketAvailabilitySoapApplication - Starting TicketAvailabilitySoapApplication using Java 17.0.2 on Brian-Laptop with PID 101728 (C:\Users\blee1\Documents\Java\brian_lee_p1\ticket_availability_soap\target\classes started by blee1 in C:\Users\blee1\Documents\Java\brian_lee_p1\ticket_availability_soap)
18:45:22.118 [main] INFO  c.b.TicketAvailabilitySoapApplication - No active profile set, falling back to 1 default profile: "default"
18:45:22.577 [main] INFO  o.s.d.r.c.RepositoryConfigurationDelegate - Bootstrapping Spring Data JPA repositories in DEFAULT mode.
18:45:22.615 [main] INFO  o.s.d.r.c.RepositoryConfigurationDelegate - Finished Spring Data repository scanning in 31 ms. Found 2 JPA repository interfaces.
18:45:23.052 [main] INFO  o.s.b.w.e.tomcat.TomcatWebServer - Tomcat initialized with port(s): 8002 (http)
18:45:23.059 [main] INFO  o.a.coyote.http11.Http11NioProtocol - Initializing ProtocolHandler ["http-nio-8002"]
18:45:23.059 [main] INFO  o.a.catalina.core.StandardService - Starting service [Tomcat]
18:45:23.060 [main] INFO  o.a.catalina.core.StandardEngine - Starting Servlet engine: [Apache Tomcat/9.0.62]
18:45:23.154 [main] INFO  o.a.c.c.C.[Tomcat].[localhost].[/] - Initializing Spring embedded WebApplicationContext
18:45:23.154 [main] INFO  o.s.b.w.s.c.ServletWebServerApplicationContext - Root WebApplicationContext: initialization completed in 996 ms
18:45:23.256 [main] INFO  o.s.b.web.servlet.RegistrationBean - Servlet CXFServlet was not registered (possibly already registered?)
18:45:23.337 [main] INFO  o.h.jpa.internal.util.LogHelper - HHH000204: Processing PersistenceUnitInfo [name: default]
18:45:23.374 [main] INFO  org.hibernate.Version - HHH000412: Hibernate ORM core version 5.6.8.Final
18:45:23.496 [main] INFO  o.h.annotations.common.Version - HCANN000001: Hibernate Commons Annotations {5.1.2.Final}
18:45:23.570 [main] INFO  com.zaxxer.hikari.HikariDataSource - HikariPool-1 - Starting...
18:45:23.656 [main] INFO  com.zaxxer.hikari.HikariDataSource - HikariPool-1 - Start completed.
18:45:23.671 [main] INFO  org.hibernate.dialect.Dialect - HHH000400: Using dialect: org.hibernate.dialect.PostgreSQLDialect
18:45:24.185 [main] INFO  o.h.e.t.j.p.i.JtaPlatformInitiator - HHH000490: Using JtaPlatform implementation: [org.hibernate.engine.transaction.jta.platform.internal.NoJtaPlatform]
18:45:24.192 [main] INFO  o.s.o.j.LocalContainerEntityManagerFactoryBean - Initialized JPA EntityManagerFactory for persistence unit 'default'
18:45:24.559 [main] INFO  o.a.c.w.s.f.ReflectionServiceFactoryBean - Creating Service {http://services.brian.com/}OrderServiceImplService from class com.brian.services.OrderService
18:45:24.985 [main] INFO  org.apache.cxf.endpoint.ServerImpl - Setting the server's publish address to be /order-service
18:45:25.048 [main] WARN  o.s.b.a.o.j.JpaBaseConfiguration$JpaWebConfiguration - spring.jpa.open-in-view is enabled by default. Therefore, database queries may be performed during view rendering. Explicitly configure spring.jpa.open-in-view to disable this warning
18:45:25.326 [main] INFO  o.a.coyote.http11.Http11NioProtocol - Starting ProtocolHandler ["http-nio-8002"]
18:45:25.348 [main] INFO  o.s.b.w.e.tomcat.TomcatWebServer - Tomcat started on port(s): 8002 (http) with context path ''
18:45:25.356 [main] INFO  c.b.TicketAvailabilitySoapApplication - Started TicketAvailabilitySoapApplication in 3.473 seconds (JVM running for 4.064)
18:45:35.078 [http-nio-8002-exec-2] INFO  com.brian.util.LoggingAspect - Logging after the findAllReservation method has returned [Reservation [id=1, quantity=25, totalCost=847.44], Reservation [id=4, quantity=10, totalCost=4900.98]]
18:46:47.405 [http-nio-8002-exec-4] INFO  com.brian.util.LoggingAspect - Logging after the findAllReservation method has returned [Reservation [id=1, quantity=25, totalCost=847.44], Reservation [id=4, quantity=10, totalCost=4900.98]]
18:51:04.138 [RMI TCP Connection(16)-127.0.0.1] INFO  o.s.b.a.SpringApplicationAdminMXBeanRegistrar$SpringApplicationAdmin - Application shutdown requested.
18:51:04.154 [RMI TCP Connection(16)-127.0.0.1] INFO  o.s.o.j.LocalContainerEntityManagerFactoryBean - Closing JPA EntityManagerFactory for persistence unit 'default'
18:51:04.158 [RMI TCP Connection(16)-127.0.0.1] INFO  com.zaxxer.hikari.HikariDataSource - HikariPool-1 - Shutdown initiated...
18:51:04.160 [RMI TCP Connection(16)-127.0.0.1] INFO  com.zaxxer.hikari.HikariDataSource - HikariPool-1 - Shutdown completed.
18:51:06.339 [background-preinit] INFO  o.h.validator.internal.util.Version - HV000001: Hibernate Validator 6.2.3.Final
18:51:06.346 [main] INFO  c.b.TicketAvailabilitySoapApplication - Starting TicketAvailabilitySoapApplication using Java 17.0.2 on Brian-Laptop with PID 73356 (C:\Users\blee1\Documents\Java\brian_lee_p1\ticket_availability_soap\target\classes started by blee1 in C:\Users\blee1\Documents\Java\brian_lee_p1\ticket_availability_soap)
18:51:06.346 [main] INFO  c.b.TicketAvailabilitySoapApplication - No active profile set, falling back to 1 default profile: "default"
18:51:06.775 [main] INFO  o.s.d.r.c.RepositoryConfigurationDelegate - Bootstrapping Spring Data JPA repositories in DEFAULT mode.
18:51:06.815 [main] INFO  o.s.d.r.c.RepositoryConfigurationDelegate - Finished Spring Data repository scanning in 34 ms. Found 2 JPA repository interfaces.
18:51:07.256 [main] INFO  o.s.b.w.e.tomcat.TomcatWebServer - Tomcat initialized with port(s): 8002 (http)
18:51:07.263 [main] INFO  o.a.coyote.http11.Http11NioProtocol - Initializing ProtocolHandler ["http-nio-8002"]
18:51:07.263 [main] INFO  o.a.catalina.core.StandardService - Starting service [Tomcat]
18:51:07.263 [main] INFO  o.a.catalina.core.StandardEngine - Starting Servlet engine: [Apache Tomcat/9.0.62]
18:51:07.359 [main] INFO  o.a.c.c.C.[Tomcat].[localhost].[/] - Initializing Spring embedded WebApplicationContext
18:51:07.359 [main] INFO  o.s.b.w.s.c.ServletWebServerApplicationContext - Root WebApplicationContext: initialization completed in 981 ms
18:51:07.461 [main] INFO  o.s.b.web.servlet.RegistrationBean - Servlet CXFServlet was not registered (possibly already registered?)
18:51:07.545 [main] INFO  o.h.jpa.internal.util.LogHelper - HHH000204: Processing PersistenceUnitInfo [name: default]
18:51:07.580 [main] INFO  org.hibernate.Version - HHH000412: Hibernate ORM core version 5.6.8.Final
18:51:07.693 [main] INFO  o.h.annotations.common.Version - HCANN000001: Hibernate Commons Annotations {5.1.2.Final}
18:51:07.765 [main] INFO  com.zaxxer.hikari.HikariDataSource - HikariPool-1 - Starting...
18:51:07.853 [main] INFO  com.zaxxer.hikari.HikariDataSource - HikariPool-1 - Start completed.
18:51:07.865 [main] INFO  org.hibernate.dialect.Dialect - HHH000400: Using dialect: org.hibernate.dialect.PostgreSQLDialect
18:51:08.358 [main] INFO  o.h.e.t.j.p.i.JtaPlatformInitiator - HHH000490: Using JtaPlatform implementation: [org.hibernate.engine.transaction.jta.platform.internal.NoJtaPlatform]
18:51:08.365 [main] INFO  o.s.o.j.LocalContainerEntityManagerFactoryBean - Initialized JPA EntityManagerFactory for persistence unit 'default'
18:51:08.708 [main] INFO  o.a.c.w.s.f.ReflectionServiceFactoryBean - Creating Service {http://services.brian.com/}OrderServiceImplService from class com.brian.services.OrderService
18:51:09.097 [main] INFO  org.apache.cxf.endpoint.ServerImpl - Setting the server's publish address to be /order-service
18:51:09.157 [main] WARN  o.s.b.a.o.j.JpaBaseConfiguration$JpaWebConfiguration - spring.jpa.open-in-view is enabled by default. Therefore, database queries may be performed during view rendering. Explicitly configure spring.jpa.open-in-view to disable this warning
18:51:09.427 [main] INFO  o.a.coyote.http11.Http11NioProtocol - Starting ProtocolHandler ["http-nio-8002"]
18:51:09.449 [main] INFO  o.s.b.w.e.tomcat.TomcatWebServer - Tomcat started on port(s): 8002 (http) with context path ''
18:51:09.460 [main] INFO  c.b.TicketAvailabilitySoapApplication - Started TicketAvailabilitySoapApplication in 3.372 seconds (JVM running for 3.962)
18:54:21.947 [http-nio-8002-exec-5] INFO  com.brian.util.LoggingAspect - Logging after the findAllJets method has returned [Jet [id=1, name=Great Air, capacity=25, getId()=1, getName()=Great Air, getCapacity()=25, hashCode()=-334545074, getClass()=class com.brian.models.Jet, toString()=com.brian.models.Jet@ec0f3f4e], Jet [id=2, name=beluga no longer, capacity=3, getId()=2, getName()=beluga no longer, getCapacity()=3, hashCode()=1083670158, getClass()=class com.brian.models.Jet, toString()=com.brian.models.Jet@40977e8e]]
19:02:50.183 [RMI TCP Connection(21)-127.0.0.1] INFO  o.s.b.a.SpringApplicationAdminMXBeanRegistrar$SpringApplicationAdmin - Application shutdown requested.
19:02:50.199 [RMI TCP Connection(21)-127.0.0.1] INFO  o.s.o.j.LocalContainerEntityManagerFactoryBean - Closing JPA EntityManagerFactory for persistence unit 'default'
19:02:50.199 [RMI TCP Connection(21)-127.0.0.1] INFO  com.zaxxer.hikari.HikariDataSource - HikariPool-1 - Shutdown initiated...
19:02:50.201 [RMI TCP Connection(21)-127.0.0.1] INFO  com.zaxxer.hikari.HikariDataSource - HikariPool-1 - Shutdown completed.
08:24:12.174 [background-preinit] INFO  o.h.validator.internal.util.Version - HV000001: Hibernate Validator 6.2.3.Final
08:24:12.182 [main] INFO  c.b.TicketAvailabilitySoapApplication - Starting TicketAvailabilitySoapApplication using Java 17.0.2 on Brian-Laptop with PID 11152 (C:\Users\blee1\Documents\Java\brian_lee_p1\ticket_availability_soap\target\classes started by blee1 in C:\Users\blee1\Documents\Java\brian_lee_p1\ticket_availability_soap)
08:24:12.183 [main] INFO  c.b.TicketAvailabilitySoapApplication - No active profile set, falling back to 1 default profile: "default"
08:24:13.096 [main] INFO  o.s.d.r.c.RepositoryConfigurationDelegate - Bootstrapping Spring Data JPA repositories in DEFAULT mode.
08:24:13.160 [main] INFO  o.s.d.r.c.RepositoryConfigurationDelegate - Finished Spring Data repository scanning in 51 ms. Found 2 JPA repository interfaces.
08:24:14.345 [main] INFO  o.s.b.w.e.tomcat.TomcatWebServer - Tomcat initialized with port(s): 8002 (http)
08:24:14.375 [main] INFO  o.a.coyote.http11.Http11NioProtocol - Initializing ProtocolHandler ["http-nio-8002"]
08:24:14.375 [main] INFO  o.a.catalina.core.StandardService - Starting service [Tomcat]
08:24:14.376 [main] INFO  o.a.catalina.core.StandardEngine - Starting Servlet engine: [Apache Tomcat/9.0.62]
08:24:14.608 [main] INFO  o.a.c.c.C.[Tomcat].[localhost].[/] - Initializing Spring embedded WebApplicationContext
08:24:14.608 [main] INFO  o.s.b.w.s.c.ServletWebServerApplicationContext - Root WebApplicationContext: initialization completed in 2366 ms
08:24:14.911 [main] INFO  o.s.b.web.servlet.RegistrationBean - Servlet CXFServlet was not registered (possibly already registered?)
08:24:15.161 [main] INFO  o.h.jpa.internal.util.LogHelper - HHH000204: Processing PersistenceUnitInfo [name: default]
08:24:15.307 [main] INFO  org.hibernate.Version - HHH000412: Hibernate ORM core version 5.6.8.Final
08:24:15.608 [main] INFO  o.h.annotations.common.Version - HCANN000001: Hibernate Commons Annotations {5.1.2.Final}
08:24:15.813 [main] INFO  com.zaxxer.hikari.HikariDataSource - HikariPool-1 - Starting...
08:24:16.187 [main] INFO  com.zaxxer.hikari.HikariDataSource - HikariPool-1 - Start completed.
08:24:16.219 [main] INFO  org.hibernate.dialect.Dialect - HHH000400: Using dialect: org.hibernate.dialect.PostgreSQLDialect
08:24:17.481 [main] INFO  o.h.e.t.j.p.i.JtaPlatformInitiator - HHH000490: Using JtaPlatform implementation: [org.hibernate.engine.transaction.jta.platform.internal.NoJtaPlatform]
08:24:17.492 [main] INFO  o.s.o.j.LocalContainerEntityManagerFactoryBean - Initialized JPA EntityManagerFactory for persistence unit 'default'
08:24:18.286 [main] INFO  o.a.c.w.s.f.ReflectionServiceFactoryBean - Creating Service {http://services.brian.com/}OrderServiceImplService from class com.brian.services.OrderService
08:24:19.432 [main] INFO  org.apache.cxf.endpoint.ServerImpl - Setting the server's publish address to be /order-service
08:24:19.555 [main] WARN  o.s.b.a.o.j.JpaBaseConfiguration$JpaWebConfiguration - spring.jpa.open-in-view is enabled by default. Therefore, database queries may be performed during view rendering. Explicitly configure spring.jpa.open-in-view to disable this warning
08:24:20.100 [main] INFO  o.a.coyote.http11.Http11NioProtocol - Starting ProtocolHandler ["http-nio-8002"]
08:24:20.138 [main] INFO  o.s.b.w.e.tomcat.TomcatWebServer - Tomcat started on port(s): 8002 (http) with context path ''
08:24:20.153 [main] INFO  c.b.TicketAvailabilitySoapApplication - Started TicketAvailabilitySoapApplication in 8.318 seconds (JVM running for 9.203)
09:06:39.449 [http-nio-8002-exec-3] INFO  com.brian.util.LoggingAspect - Logging after the findOneReservation method has returned Reservation [id=0, quantity=0, totalCost=0.0]
09:06:54.357 [http-nio-8002-exec-4] INFO  com.brian.util.LoggingAspect - Logging after the findOneReservation method has returned Reservation [id=0, quantity=0, totalCost=0.0]
09:07:11.937 [http-nio-8002-exec-5] INFO  com.brian.util.LoggingAspect - Logging after the findAllReservation method has returned [Reservation [id=1, quantity=25, totalCost=847.44], Reservation [id=4, quantity=10, totalCost=4900.98]]
09:12:25.609 [http-nio-8002-exec-7] INFO  com.brian.util.LoggingAspect - Logging after the findAllJets method has returned [Jet [id=1, name=Great Air, capacity=25, getId()=1, getName()=Great Air, getCapacity()=25, hashCode()=-334545074, getClass()=class com.brian.models.Jet, toString()=com.brian.models.Jet@ec0f3f4e], Jet [id=2, name=beluga no longer, capacity=3, getId()=2, getName()=beluga no longer, getCapacity()=3, hashCode()=1083670158, getClass()=class com.brian.models.Jet, toString()=com.brian.models.Jet@40977e8e]]
09:49:36.377 [http-nio-8002-exec-8] INFO  com.brian.util.LoggingAspect - Logging after the saveReservation method has returned Reservation [id=5, quantity=12, totalCost=5000.98]
09:49:41.719 [http-nio-8002-exec-10] INFO  com.brian.util.LoggingAspect - Logging after the findAllReservation method has returned [Reservation [id=1, quantity=25, totalCost=847.44], Reservation [id=4, quantity=10, totalCost=4900.98], Reservation [id=5, quantity=12, totalCost=5000.98]]
09:49:57.453 [http-nio-8002-exec-1] INFO  com.brian.util.LoggingAspect - Logging after the findOneReservation method has returned Reservation [id=5, quantity=12, totalCost=5000.98]
09:50:22.624 [http-nio-8002-exec-2] INFO  com.brian.util.LoggingAspect - Logging after the saveReservation method has returned Reservation [id=5, quantity=15, totalCost=1.0]
09:50:26.657 [http-nio-8002-exec-3] INFO  com.brian.util.LoggingAspect - Logging after the findAllReservation method has returned [Reservation [id=1, quantity=25, totalCost=847.44], Reservation [id=4, quantity=10, totalCost=4900.98], Reservation [id=5, quantity=15, totalCost=1.0]]
09:50:43.466 [http-nio-8002-exec-4] INFO  com.brian.util.LoggingAspect - Logging after the deleteReservationById method has returned null
09:50:49.736 [http-nio-8002-exec-5] INFO  com.brian.util.LoggingAspect - Logging after the findAllReservation method has returned [Reservation [id=1, quantity=25, totalCost=847.44], Reservation [id=4, quantity=10, totalCost=4900.98]]
09:51:05.838 [http-nio-8002-exec-6] INFO  com.brian.util.LoggingAspect - Logging after the saveJet method has returned Jet [id=4, name=here comes johnny, capacity=400, getId()=4, getName()=here comes johnny, getCapacity()=400, hashCode()=-1049982974, getClass()=class com.brian.models.Jet, toString()=com.brian.models.Jet@c16a8802]
09:51:10.940 [http-nio-8002-exec-7] INFO  com.brian.util.LoggingAspect - Logging after the findAllJets method has returned [Jet [id=1, name=Great Air, capacity=25, getId()=1, getName()=Great Air, getCapacity()=25, hashCode()=-334545074, getClass()=class com.brian.models.Jet, toString()=com.brian.models.Jet@ec0f3f4e], Jet [id=2, name=beluga no longer, capacity=3, getId()=2, getName()=beluga no longer, getCapacity()=3, hashCode()=1083670158, getClass()=class com.brian.models.Jet, toString()=com.brian.models.Jet@40977e8e], Jet [id=4, name=here comes johnny, capacity=400, getId()=4, getName()=here comes johnny, getCapacity()=400, hashCode()=-1049982974, getClass()=class com.brian.models.Jet, toString()=com.brian.models.Jet@c16a8802]]
09:51:24.341 [http-nio-8002-exec-9] INFO  com.brian.util.LoggingAspect - Logging after the findOneJet method has returned Jet [id=4, name=here comes johnny, capacity=400, getId()=4, getName()=here comes johnny, getCapacity()=400, hashCode()=-1049982974, getClass()=class com.brian.models.Jet, toString()=com.brian.models.Jet@c16a8802]
09:51:24.349 [http-nio-8002-exec-9] WARN  o.a.cxf.phase.PhaseInterceptorChain - Interceptor for {http://services.brian.com/}OrderServiceImplService#{http://services.brian.com/}findOneJet has thrown exception, unwinding now
org.apache.cxf.interceptor.Fault: class com.brian.models.Jet cannot be cast to class java.util.Optional (com.brian.models.Jet is in unnamed module of loader 'app'; java.util.Optional is in module java.base of loader 'bootstrap')
	at org.apache.cxf.jaxws.interceptors.WrapperClassOutInterceptor.handleMessage(WrapperClassOutInterceptor.java:107)
	at org.apache.cxf.phase.PhaseInterceptorChain.doIntercept(PhaseInterceptorChain.java:307)
	at org.apache.cxf.interceptor.OutgoingChainInterceptor.handleMessage(OutgoingChainInterceptor.java:90)
	at org.apache.cxf.phase.PhaseInterceptorChain.doIntercept(PhaseInterceptorChain.java:307)
	at org.apache.cxf.transport.ChainInitiationObserver.onMessage(ChainInitiationObserver.java:121)
	at org.apache.cxf.transport.http.AbstractHTTPDestination.invoke(AbstractHTTPDestination.java:265)
	at org.apache.cxf.transport.servlet.ServletController.invokeDestination(ServletController.java:234)
	at org.apache.cxf.transport.servlet.ServletController.invoke(ServletController.java:208)
	at org.apache.cxf.transport.servlet.ServletController.invoke(ServletController.java:160)
	at org.apache.cxf.transport.servlet.CXFNonSpringServlet.invoke(CXFNonSpringServlet.java:225)
	at org.apache.cxf.transport.servlet.AbstractHTTPServlet.handleRequest(AbstractHTTPServlet.java:304)
	at org.apache.cxf.transport.servlet.AbstractHTTPServlet.doPost(AbstractHTTPServlet.java:217)
	at javax.servlet.http.HttpServlet.service(HttpServlet.java:681)
	at org.apache.cxf.transport.servlet.AbstractHTTPServlet.service(AbstractHTTPServlet.java:279)
	at org.apache.catalina.core.ApplicationFilterChain.internalDoFilter(ApplicationFilterChain.java:227)
	at org.apache.catalina.core.ApplicationFilterChain.doFilter(ApplicationFilterChain.java:162)
	at org.apache.tomcat.websocket.server.WsFilter.doFilter(WsFilter.java:53)
	at org.apache.catalina.core.ApplicationFilterChain.internalDoFilter(ApplicationFilterChain.java:189)
	at org.apache.catalina.core.ApplicationFilterChain.doFilter(ApplicationFilterChain.java:162)
	at org.springframework.web.filter.RequestContextFilter.doFilterInternal(RequestContextFilter.java:100)
	at org.springframework.web.filter.OncePerRequestFilter.doFilter(OncePerRequestFilter.java:117)
	at org.apache.catalina.core.ApplicationFilterChain.internalDoFilter(ApplicationFilterChain.java:189)
	at org.apache.catalina.core.ApplicationFilterChain.doFilter(ApplicationFilterChain.java:162)
	at org.springframework.web.filter.FormContentFilter.doFilterInternal(FormContentFilter.java:93)
	at org.springframework.web.filter.OncePerRequestFilter.doFilter(OncePerRequestFilter.java:117)
	at org.apache.catalina.core.ApplicationFilterChain.internalDoFilter(ApplicationFilterChain.java:189)
	at org.apache.catalina.core.ApplicationFilterChain.doFilter(ApplicationFilterChain.java:162)
	at org.springframework.web.filter.CharacterEncodingFilter.doFilterInternal(CharacterEncodingFilter.java:201)
	at org.springframework.web.filter.OncePerRequestFilter.doFilter(OncePerRequestFilter.java:117)
	at org.apache.catalina.core.ApplicationFilterChain.internalDoFilter(ApplicationFilterChain.java:189)
	at org.apache.catalina.core.ApplicationFilterChain.doFilter(ApplicationFilterChain.java:162)
	at org.apache.catalina.core.StandardWrapperValve.invoke(StandardWrapperValve.java:197)
	at org.apache.catalina.core.StandardContextValve.invoke(StandardContextValve.java:97)
	at org.apache.catalina.authenticator.AuthenticatorBase.invoke(AuthenticatorBase.java:541)
	at org.apache.catalina.core.StandardHostValve.invoke(StandardHostValve.java:135)
	at org.apache.catalina.valves.ErrorReportValve.invoke(ErrorReportValve.java:92)
	at org.apache.catalina.core.StandardEngineValve.invoke(StandardEngineValve.java:78)
	at org.apache.catalina.connector.CoyoteAdapter.service(CoyoteAdapter.java:360)
	at org.apache.coyote.http11.Http11Processor.service(Http11Processor.java:399)
	at org.apache.coyote.AbstractProcessorLight.process(AbstractProcessorLight.java:65)
	at org.apache.coyote.AbstractProtocol$ConnectionHandler.process(AbstractProtocol.java:890)
	at org.apache.tomcat.util.net.NioEndpoint$SocketProcessor.doRun(NioEndpoint.java:1743)
	at org.apache.tomcat.util.net.SocketProcessorBase.run(SocketProcessorBase.java:49)
	at org.apache.tomcat.util.threads.ThreadPoolExecutor.runWorker(ThreadPoolExecutor.java:1191)
	at org.apache.tomcat.util.threads.ThreadPoolExecutor$Worker.run(ThreadPoolExecutor.java:659)
	at org.apache.tomcat.util.threads.TaskThread$WrappingRunnable.run(TaskThread.java:61)
	at java.base/java.lang.Thread.run(Thread.java:833)
Caused by: java.lang.ClassCastException: class com.brian.models.Jet cannot be cast to class java.util.Optional (com.brian.models.Jet is in unnamed module of loader 'app'; java.util.Optional is in module java.base of loader 'bootstrap')
	at com.brian.services.jaxws_asm.FindOneJetResponse_WrapperTypeHelper1.createWrapperObject(Unknown Source)
	at org.apache.cxf.jaxws.interceptors.WrapperClassOutInterceptor.handleMessage(WrapperClassOutInterceptor.java:91)
	... 46 common frames omitted
09:51:36.553 [http-nio-8002-exec-8] INFO  com.brian.util.LoggingAspect - Logging after the findOneJet method has returned Jet [id=2, name=beluga no longer, capacity=3, getId()=2, getName()=beluga no longer, getCapacity()=3, hashCode()=1083670158, getClass()=class com.brian.models.Jet, toString()=com.brian.models.Jet@40977e8e]
09:51:36.553 [http-nio-8002-exec-8] WARN  o.a.cxf.phase.PhaseInterceptorChain - Interceptor for {http://services.brian.com/}OrderServiceImplService#{http://services.brian.com/}findOneJet has thrown exception, unwinding now
org.apache.cxf.interceptor.Fault: class com.brian.models.Jet cannot be cast to class java.util.Optional (com.brian.models.Jet is in unnamed module of loader 'app'; java.util.Optional is in module java.base of loader 'bootstrap')
	at org.apache.cxf.jaxws.interceptors.WrapperClassOutInterceptor.handleMessage(WrapperClassOutInterceptor.java:107)
	at org.apache.cxf.phase.PhaseInterceptorChain.doIntercept(PhaseInterceptorChain.java:307)
	at org.apache.cxf.interceptor.OutgoingChainInterceptor.handleMessage(OutgoingChainInterceptor.java:90)
	at org.apache.cxf.phase.PhaseInterceptorChain.doIntercept(PhaseInterceptorChain.java:307)
	at org.apache.cxf.transport.ChainInitiationObserver.onMessage(ChainInitiationObserver.java:121)
	at org.apache.cxf.transport.http.AbstractHTTPDestination.invoke(AbstractHTTPDestination.java:265)
	at org.apache.cxf.transport.servlet.ServletController.invokeDestination(ServletController.java:234)
	at org.apache.cxf.transport.servlet.ServletController.invoke(ServletController.java:208)
	at org.apache.cxf.transport.servlet.ServletController.invoke(ServletController.java:160)
	at org.apache.cxf.transport.servlet.CXFNonSpringServlet.invoke(CXFNonSpringServlet.java:225)
	at org.apache.cxf.transport.servlet.AbstractHTTPServlet.handleRequest(AbstractHTTPServlet.java:304)
	at org.apache.cxf.transport.servlet.AbstractHTTPServlet.doPost(AbstractHTTPServlet.java:217)
	at javax.servlet.http.HttpServlet.service(HttpServlet.java:681)
	at org.apache.cxf.transport.servlet.AbstractHTTPServlet.service(AbstractHTTPServlet.java:279)
	at org.apache.catalina.core.ApplicationFilterChain.internalDoFilter(ApplicationFilterChain.java:227)
	at org.apache.catalina.core.ApplicationFilterChain.doFilter(ApplicationFilterChain.java:162)
	at org.apache.tomcat.websocket.server.WsFilter.doFilter(WsFilter.java:53)
	at org.apache.catalina.core.ApplicationFilterChain.internalDoFilter(ApplicationFilterChain.java:189)
	at org.apache.catalina.core.ApplicationFilterChain.doFilter(ApplicationFilterChain.java:162)
	at org.springframework.web.filter.RequestContextFilter.doFilterInternal(RequestContextFilter.java:100)
	at org.springframework.web.filter.OncePerRequestFilter.doFilter(OncePerRequestFilter.java:117)
	at org.apache.catalina.core.ApplicationFilterChain.internalDoFilter(ApplicationFilterChain.java:189)
	at org.apache.catalina.core.ApplicationFilterChain.doFilter(ApplicationFilterChain.java:162)
	at org.springframework.web.filter.FormContentFilter.doFilterInternal(FormContentFilter.java:93)
	at org.springframework.web.filter.OncePerRequestFilter.doFilter(OncePerRequestFilter.java:117)
	at org.apache.catalina.core.ApplicationFilterChain.internalDoFilter(ApplicationFilterChain.java:189)
	at org.apache.catalina.core.ApplicationFilterChain.doFilter(ApplicationFilterChain.java:162)
	at org.springframework.web.filter.CharacterEncodingFilter.doFilterInternal(CharacterEncodingFilter.java:201)
	at org.springframework.web.filter.OncePerRequestFilter.doFilter(OncePerRequestFilter.java:117)
	at org.apache.catalina.core.ApplicationFilterChain.internalDoFilter(ApplicationFilterChain.java:189)
	at org.apache.catalina.core.ApplicationFilterChain.doFilter(ApplicationFilterChain.java:162)
	at org.apache.catalina.core.StandardWrapperValve.invoke(StandardWrapperValve.java:197)
	at org.apache.catalina.core.StandardContextValve.invoke(StandardContextValve.java:97)
	at org.apache.catalina.authenticator.AuthenticatorBase.invoke(AuthenticatorBase.java:541)
	at org.apache.catalina.core.StandardHostValve.invoke(StandardHostValve.java:135)
	at org.apache.catalina.valves.ErrorReportValve.invoke(ErrorReportValve.java:92)
	at org.apache.catalina.core.StandardEngineValve.invoke(StandardEngineValve.java:78)
	at org.apache.catalina.connector.CoyoteAdapter.service(CoyoteAdapter.java:360)
	at org.apache.coyote.http11.Http11Processor.service(Http11Processor.java:399)
	at org.apache.coyote.AbstractProcessorLight.process(AbstractProcessorLight.java:65)
	at org.apache.coyote.AbstractProtocol$ConnectionHandler.process(AbstractProtocol.java:890)
	at org.apache.tomcat.util.net.NioEndpoint$SocketProcessor.doRun(NioEndpoint.java:1743)
	at org.apache.tomcat.util.net.SocketProcessorBase.run(SocketProcessorBase.java:49)
	at org.apache.tomcat.util.threads.ThreadPoolExecutor.runWorker(ThreadPoolExecutor.java:1191)
	at org.apache.tomcat.util.threads.ThreadPoolExecutor$Worker.run(ThreadPoolExecutor.java:659)
	at org.apache.tomcat.util.threads.TaskThread$WrappingRunnable.run(TaskThread.java:61)
	at java.base/java.lang.Thread.run(Thread.java:833)
Caused by: java.lang.ClassCastException: class com.brian.models.Jet cannot be cast to class java.util.Optional (com.brian.models.Jet is in unnamed module of loader 'app'; java.util.Optional is in module java.base of loader 'bootstrap')
	at com.brian.services.jaxws_asm.FindOneJetResponse_WrapperTypeHelper1.createWrapperObject(Unknown Source)
	at org.apache.cxf.jaxws.interceptors.WrapperClassOutInterceptor.handleMessage(WrapperClassOutInterceptor.java:91)
	... 46 common frames omitted
09:52:10.295 [http-nio-8002-exec-10] INFO  com.brian.util.LoggingAspect - Logging after the deleteJetById method has returned null
09:52:15.950 [http-nio-8002-exec-1] INFO  com.brian.util.LoggingAspect - Logging after the findAllJets method has returned [Jet [id=1, name=Great Air, capacity=25, getId()=1, getName()=Great Air, getCapacity()=25, hashCode()=-334545074, getClass()=class com.brian.models.Jet, toString()=com.brian.models.Jet@ec0f3f4e], Jet [id=2, name=beluga no longer, capacity=3, getId()=2, getName()=beluga no longer, getCapacity()=3, hashCode()=1083670158, getClass()=class com.brian.models.Jet, toString()=com.brian.models.Jet@40977e8e]]
09:58:01.855 [RMI TCP Connection(102)-127.0.0.1] INFO  o.s.b.a.SpringApplicationAdminMXBeanRegistrar$SpringApplicationAdmin - Application shutdown requested.
09:58:01.901 [RMI TCP Connection(102)-127.0.0.1] INFO  o.s.o.j.LocalContainerEntityManagerFactoryBean - Closing JPA EntityManagerFactory for persistence unit 'default'
09:58:01.904 [RMI TCP Connection(102)-127.0.0.1] INFO  com.zaxxer.hikari.HikariDataSource - HikariPool-1 - Shutdown initiated...
09:58:01.908 [RMI TCP Connection(102)-127.0.0.1] INFO  com.zaxxer.hikari.HikariDataSource - HikariPool-1 - Shutdown completed.
13:49:28.105 [background-preinit] INFO  o.h.validator.internal.util.Version - HV000001: Hibernate Validator 6.2.3.Final
13:49:28.114 [main] INFO  c.b.TicketAvailabilitySoapApplication - Starting TicketAvailabilitySoapApplication using Java 17.0.2 on Brian-Laptop with PID 3628 (C:\Users\blee1\Documents\Java\brian_lee_p1\ticket_availability_soap\target\classes started by blee1 in C:\Users\blee1\Documents\Java\brian_lee_p1\ticket_availability_soap)
13:49:28.115 [main] INFO  c.b.TicketAvailabilitySoapApplication - No active profile set, falling back to 1 default profile: "default"
13:49:28.718 [main] INFO  o.s.d.r.c.RepositoryConfigurationDelegate - Bootstrapping Spring Data JPA repositories in DEFAULT mode.
13:49:28.774 [main] INFO  o.s.d.r.c.RepositoryConfigurationDelegate - Finished Spring Data repository scanning in 46 ms. Found 2 JPA repository interfaces.
13:49:29.343 [main] INFO  o.s.b.w.e.tomcat.TomcatWebServer - Tomcat initialized with port(s): 8002 (http)
13:49:29.351 [main] INFO  o.a.coyote.http11.Http11NioProtocol - Initializing ProtocolHandler ["http-nio-8002"]
13:49:29.352 [main] INFO  o.a.catalina.core.StandardService - Starting service [Tomcat]
13:49:29.352 [main] INFO  o.a.catalina.core.StandardEngine - Starting Servlet engine: [Apache Tomcat/9.0.62]
13:49:29.454 [main] INFO  o.a.c.c.C.[Tomcat].[localhost].[/] - Initializing Spring embedded WebApplicationContext
13:49:29.454 [main] INFO  o.s.b.w.s.c.ServletWebServerApplicationContext - Root WebApplicationContext: initialization completed in 1293 ms
13:49:29.561 [main] INFO  o.s.b.web.servlet.RegistrationBean - Servlet CXFServlet was not registered (possibly already registered?)
13:49:29.653 [main] INFO  o.h.jpa.internal.util.LogHelper - HHH000204: Processing PersistenceUnitInfo [name: default]
13:49:29.705 [main] INFO  org.hibernate.Version - HHH000412: Hibernate ORM core version 5.6.8.Final
13:49:29.865 [main] INFO  o.h.annotations.common.Version - HCANN000001: Hibernate Commons Annotations {5.1.2.Final}
13:49:29.955 [main] INFO  com.zaxxer.hikari.HikariDataSource - HikariPool-1 - Starting...
13:49:30.054 [main] INFO  com.zaxxer.hikari.HikariDataSource - HikariPool-1 - Start completed.
13:49:30.072 [main] INFO  org.hibernate.dialect.Dialect - HHH000400: Using dialect: org.hibernate.dialect.PostgreSQLDialect
13:49:30.729 [main] INFO  o.h.e.t.j.p.i.JtaPlatformInitiator - HHH000490: Using JtaPlatform implementation: [org.hibernate.engine.transaction.jta.platform.internal.NoJtaPlatform]
13:49:30.736 [main] INFO  o.s.o.j.LocalContainerEntityManagerFactoryBean - Initialized JPA EntityManagerFactory for persistence unit 'default'
13:49:31.050 [main] INFO  o.a.c.w.s.f.ReflectionServiceFactoryBean - Creating Service {http://services.brian.com/}OrderServiceImplService from class com.brian.services.OrderService
13:49:31.498 [main] INFO  org.apache.cxf.endpoint.ServerImpl - Setting the server's publish address to be /order-service
13:49:31.562 [main] WARN  o.s.b.a.o.j.JpaBaseConfiguration$JpaWebConfiguration - spring.jpa.open-in-view is enabled by default. Therefore, database queries may be performed during view rendering. Explicitly configure spring.jpa.open-in-view to disable this warning
13:49:31.811 [main] INFO  o.a.coyote.http11.Http11NioProtocol - Starting ProtocolHandler ["http-nio-8002"]
13:49:31.830 [main] INFO  o.s.b.w.e.tomcat.TomcatWebServer - Tomcat started on port(s): 8002 (http) with context path ''
13:49:31.836 [main] INFO  c.b.TicketAvailabilitySoapApplication - Started TicketAvailabilitySoapApplication in 4.005 seconds (JVM running for 4.831)
13:49:58.389 [http-nio-8002-exec-2] INFO  com.brian.util.LoggingAspect - Logging after the findAllJets method has returned [Jet [id=1, name=Great Air, capacity=25, getId()=1, getName()=Great Air, getCapacity()=25, hashCode()=-334545074, getClass()=class com.brian.models.Jet, toString()=com.brian.models.Jet@ec0f3f4e], Jet [id=2, name=beluga no longer, capacity=3, getId()=2, getName()=beluga no longer, getCapacity()=3, hashCode()=1083670158, getClass()=class com.brian.models.Jet, toString()=com.brian.models.Jet@40977e8e]]
13:50:06.108 [http-nio-8002-exec-3] INFO  com.brian.util.LoggingAspect - Logging after the findOneJet method has returned Jet [id=2, name=beluga no longer, capacity=3, getId()=2, getName()=beluga no longer, getCapacity()=3, hashCode()=1083670158, getClass()=class com.brian.models.Jet, toString()=com.brian.models.Jet@40977e8e]
13:50:06.114 [http-nio-8002-exec-3] WARN  o.a.cxf.phase.PhaseInterceptorChain - Interceptor for {http://services.brian.com/}OrderServiceImplService#{http://services.brian.com/}findOneJet has thrown exception, unwinding now
org.apache.cxf.interceptor.Fault: class com.brian.models.Jet cannot be cast to class java.util.Optional (com.brian.models.Jet is in unnamed module of loader 'app'; java.util.Optional is in module java.base of loader 'bootstrap')
	at org.apache.cxf.jaxws.interceptors.WrapperClassOutInterceptor.handleMessage(WrapperClassOutInterceptor.java:107)
	at org.apache.cxf.phase.PhaseInterceptorChain.doIntercept(PhaseInterceptorChain.java:307)
	at org.apache.cxf.interceptor.OutgoingChainInterceptor.handleMessage(OutgoingChainInterceptor.java:90)
	at org.apache.cxf.phase.PhaseInterceptorChain.doIntercept(PhaseInterceptorChain.java:307)
	at org.apache.cxf.transport.ChainInitiationObserver.onMessage(ChainInitiationObserver.java:121)
	at org.apache.cxf.transport.http.AbstractHTTPDestination.invoke(AbstractHTTPDestination.java:265)
	at org.apache.cxf.transport.servlet.ServletController.invokeDestination(ServletController.java:234)
	at org.apache.cxf.transport.servlet.ServletController.invoke(ServletController.java:208)
	at org.apache.cxf.transport.servlet.ServletController.invoke(ServletController.java:160)
	at org.apache.cxf.transport.servlet.CXFNonSpringServlet.invoke(CXFNonSpringServlet.java:225)
	at org.apache.cxf.transport.servlet.AbstractHTTPServlet.handleRequest(AbstractHTTPServlet.java:304)
	at org.apache.cxf.transport.servlet.AbstractHTTPServlet.doPost(AbstractHTTPServlet.java:217)
	at javax.servlet.http.HttpServlet.service(HttpServlet.java:681)
	at org.apache.cxf.transport.servlet.AbstractHTTPServlet.service(AbstractHTTPServlet.java:279)
	at org.apache.catalina.core.ApplicationFilterChain.internalDoFilter(ApplicationFilterChain.java:227)
	at org.apache.catalina.core.ApplicationFilterChain.doFilter(ApplicationFilterChain.java:162)
	at org.apache.tomcat.websocket.server.WsFilter.doFilter(WsFilter.java:53)
	at org.apache.catalina.core.ApplicationFilterChain.internalDoFilter(ApplicationFilterChain.java:189)
	at org.apache.catalina.core.ApplicationFilterChain.doFilter(ApplicationFilterChain.java:162)
	at org.springframework.web.filter.RequestContextFilter.doFilterInternal(RequestContextFilter.java:100)
	at org.springframework.web.filter.OncePerRequestFilter.doFilter(OncePerRequestFilter.java:117)
	at org.apache.catalina.core.ApplicationFilterChain.internalDoFilter(ApplicationFilterChain.java:189)
	at org.apache.catalina.core.ApplicationFilterChain.doFilter(ApplicationFilterChain.java:162)
	at org.springframework.web.filter.FormContentFilter.doFilterInternal(FormContentFilter.java:93)
	at org.springframework.web.filter.OncePerRequestFilter.doFilter(OncePerRequestFilter.java:117)
	at org.apache.catalina.core.ApplicationFilterChain.internalDoFilter(ApplicationFilterChain.java:189)
	at org.apache.catalina.core.ApplicationFilterChain.doFilter(ApplicationFilterChain.java:162)
	at org.springframework.web.filter.CharacterEncodingFilter.doFilterInternal(CharacterEncodingFilter.java:201)
	at org.springframework.web.filter.OncePerRequestFilter.doFilter(OncePerRequestFilter.java:117)
	at org.apache.catalina.core.ApplicationFilterChain.internalDoFilter(ApplicationFilterChain.java:189)
	at org.apache.catalina.core.ApplicationFilterChain.doFilter(ApplicationFilterChain.java:162)
	at org.apache.catalina.core.StandardWrapperValve.invoke(StandardWrapperValve.java:197)
	at org.apache.catalina.core.StandardContextValve.invoke(StandardContextValve.java:97)
	at org.apache.catalina.authenticator.AuthenticatorBase.invoke(AuthenticatorBase.java:541)
	at org.apache.catalina.core.StandardHostValve.invoke(StandardHostValve.java:135)
	at org.apache.catalina.valves.ErrorReportValve.invoke(ErrorReportValve.java:92)
	at org.apache.catalina.core.StandardEngineValve.invoke(StandardEngineValve.java:78)
	at org.apache.catalina.connector.CoyoteAdapter.service(CoyoteAdapter.java:360)
	at org.apache.coyote.http11.Http11Processor.service(Http11Processor.java:399)
	at org.apache.coyote.AbstractProcessorLight.process(AbstractProcessorLight.java:65)
	at org.apache.coyote.AbstractProtocol$ConnectionHandler.process(AbstractProtocol.java:890)
	at org.apache.tomcat.util.net.NioEndpoint$SocketProcessor.doRun(NioEndpoint.java:1743)
	at org.apache.tomcat.util.net.SocketProcessorBase.run(SocketProcessorBase.java:49)
	at org.apache.tomcat.util.threads.ThreadPoolExecutor.runWorker(ThreadPoolExecutor.java:1191)
	at org.apache.tomcat.util.threads.ThreadPoolExecutor$Worker.run(ThreadPoolExecutor.java:659)
	at org.apache.tomcat.util.threads.TaskThread$WrappingRunnable.run(TaskThread.java:61)
	at java.base/java.lang.Thread.run(Thread.java:833)
Caused by: java.lang.ClassCastException: class com.brian.models.Jet cannot be cast to class java.util.Optional (com.brian.models.Jet is in unnamed module of loader 'app'; java.util.Optional is in module java.base of loader 'bootstrap')
	at com.brian.services.jaxws_asm.FindOneJetResponse_WrapperTypeHelper1.createWrapperObject(Unknown Source)
	at org.apache.cxf.jaxws.interceptors.WrapperClassOutInterceptor.handleMessage(WrapperClassOutInterceptor.java:91)
	... 46 common frames omitted
13:52:35.316 [http-nio-8002-exec-4] INFO  com.brian.util.LoggingAspect - Logging after the findOneJet method has returned Jet [id=2, name=beluga no longer, capacity=3, getId()=2, getName()=beluga no longer, getCapacity()=3, hashCode()=1083670158, getClass()=class com.brian.models.Jet, toString()=com.brian.models.Jet@40977e8e]
13:52:35.317 [http-nio-8002-exec-4] WARN  o.a.cxf.phase.PhaseInterceptorChain - Interceptor for {http://services.brian.com/}OrderServiceImplService#{http://services.brian.com/}findOneJet has thrown exception, unwinding now
org.apache.cxf.interceptor.Fault: class com.brian.models.Jet cannot be cast to class java.util.Optional (com.brian.models.Jet is in unnamed module of loader 'app'; java.util.Optional is in module java.base of loader 'bootstrap')
	at org.apache.cxf.jaxws.interceptors.WrapperClassOutInterceptor.handleMessage(WrapperClassOutInterceptor.java:107)
	at org.apache.cxf.phase.PhaseInterceptorChain.doIntercept(PhaseInterceptorChain.java:307)
	at org.apache.cxf.interceptor.OutgoingChainInterceptor.handleMessage(OutgoingChainInterceptor.java:90)
	at org.apache.cxf.phase.PhaseInterceptorChain.doIntercept(PhaseInterceptorChain.java:307)
	at org.apache.cxf.transport.ChainInitiationObserver.onMessage(ChainInitiationObserver.java:121)
	at org.apache.cxf.transport.http.AbstractHTTPDestination.invoke(AbstractHTTPDestination.java:265)
	at org.apache.cxf.transport.servlet.ServletController.invokeDestination(ServletController.java:234)
	at org.apache.cxf.transport.servlet.ServletController.invoke(ServletController.java:208)
	at org.apache.cxf.transport.servlet.ServletController.invoke(ServletController.java:160)
	at org.apache.cxf.transport.servlet.CXFNonSpringServlet.invoke(CXFNonSpringServlet.java:225)
	at org.apache.cxf.transport.servlet.AbstractHTTPServlet.handleRequest(AbstractHTTPServlet.java:304)
	at org.apache.cxf.transport.servlet.AbstractHTTPServlet.doPost(AbstractHTTPServlet.java:217)
	at javax.servlet.http.HttpServlet.service(HttpServlet.java:681)
	at org.apache.cxf.transport.servlet.AbstractHTTPServlet.service(AbstractHTTPServlet.java:279)
	at org.apache.catalina.core.ApplicationFilterChain.internalDoFilter(ApplicationFilterChain.java:227)
	at org.apache.catalina.core.ApplicationFilterChain.doFilter(ApplicationFilterChain.java:162)
	at org.apache.tomcat.websocket.server.WsFilter.doFilter(WsFilter.java:53)
	at org.apache.catalina.core.ApplicationFilterChain.internalDoFilter(ApplicationFilterChain.java:189)
	at org.apache.catalina.core.ApplicationFilterChain.doFilter(ApplicationFilterChain.java:162)
	at org.springframework.web.filter.RequestContextFilter.doFilterInternal(RequestContextFilter.java:100)
	at org.springframework.web.filter.OncePerRequestFilter.doFilter(OncePerRequestFilter.java:117)
	at org.apache.catalina.core.ApplicationFilterChain.internalDoFilter(ApplicationFilterChain.java:189)
	at org.apache.catalina.core.ApplicationFilterChain.doFilter(ApplicationFilterChain.java:162)
	at org.springframework.web.filter.FormContentFilter.doFilterInternal(FormContentFilter.java:93)
	at org.springframework.web.filter.OncePerRequestFilter.doFilter(OncePerRequestFilter.java:117)
	at org.apache.catalina.core.ApplicationFilterChain.internalDoFilter(ApplicationFilterChain.java:189)
	at org.apache.catalina.core.ApplicationFilterChain.doFilter(ApplicationFilterChain.java:162)
	at org.springframework.web.filter.CharacterEncodingFilter.doFilterInternal(CharacterEncodingFilter.java:201)
	at org.springframework.web.filter.OncePerRequestFilter.doFilter(OncePerRequestFilter.java:117)
	at org.apache.catalina.core.ApplicationFilterChain.internalDoFilter(ApplicationFilterChain.java:189)
	at org.apache.catalina.core.ApplicationFilterChain.doFilter(ApplicationFilterChain.java:162)
	at org.apache.catalina.core.StandardWrapperValve.invoke(StandardWrapperValve.java:197)
	at org.apache.catalina.core.StandardContextValve.invoke(StandardContextValve.java:97)
	at org.apache.catalina.authenticator.AuthenticatorBase.invoke(AuthenticatorBase.java:541)
	at org.apache.catalina.core.StandardHostValve.invoke(StandardHostValve.java:135)
	at org.apache.catalina.valves.ErrorReportValve.invoke(ErrorReportValve.java:92)
	at org.apache.catalina.core.StandardEngineValve.invoke(StandardEngineValve.java:78)
	at org.apache.catalina.connector.CoyoteAdapter.service(CoyoteAdapter.java:360)
	at org.apache.coyote.http11.Http11Processor.service(Http11Processor.java:399)
	at org.apache.coyote.AbstractProcessorLight.process(AbstractProcessorLight.java:65)
	at org.apache.coyote.AbstractProtocol$ConnectionHandler.process(AbstractProtocol.java:890)
	at org.apache.tomcat.util.net.NioEndpoint$SocketProcessor.doRun(NioEndpoint.java:1743)
	at org.apache.tomcat.util.net.SocketProcessorBase.run(SocketProcessorBase.java:49)
	at org.apache.tomcat.util.threads.ThreadPoolExecutor.runWorker(ThreadPoolExecutor.java:1191)
	at org.apache.tomcat.util.threads.ThreadPoolExecutor$Worker.run(ThreadPoolExecutor.java:659)
	at org.apache.tomcat.util.threads.TaskThread$WrappingRunnable.run(TaskThread.java:61)
	at java.base/java.lang.Thread.run(Thread.java:833)
Caused by: java.lang.ClassCastException: class com.brian.models.Jet cannot be cast to class java.util.Optional (com.brian.models.Jet is in unnamed module of loader 'app'; java.util.Optional is in module java.base of loader 'bootstrap')
	at com.brian.services.jaxws_asm.FindOneJetResponse_WrapperTypeHelper1.createWrapperObject(Unknown Source)
	at org.apache.cxf.jaxws.interceptors.WrapperClassOutInterceptor.handleMessage(WrapperClassOutInterceptor.java:91)
	... 46 common frames omitted
13:52:42.331 [RMI TCP Connection(11)-127.0.0.1] INFO  o.s.b.a.SpringApplicationAdminMXBeanRegistrar$SpringApplicationAdmin - Application shutdown requested.
13:52:42.350 [RMI TCP Connection(11)-127.0.0.1] INFO  o.s.o.j.LocalContainerEntityManagerFactoryBean - Closing JPA EntityManagerFactory for persistence unit 'default'
13:52:42.351 [RMI TCP Connection(11)-127.0.0.1] INFO  com.zaxxer.hikari.HikariDataSource - HikariPool-1 - Shutdown initiated...
13:52:42.353 [RMI TCP Connection(11)-127.0.0.1] INFO  com.zaxxer.hikari.HikariDataSource - HikariPool-1 - Shutdown completed.
13:52:44.252 [background-preinit] INFO  o.h.validator.internal.util.Version - HV000001: Hibernate Validator 6.2.3.Final
13:52:44.258 [main] INFO  c.b.TicketAvailabilitySoapApplication - Starting TicketAvailabilitySoapApplication using Java 17.0.2 on Brian-Laptop with PID 4516 (C:\Users\blee1\Documents\Java\brian_lee_p1\ticket_availability_soap\target\classes started by blee1 in C:\Users\blee1\Documents\Java\brian_lee_p1\ticket_availability_soap)
13:52:44.259 [main] INFO  c.b.TicketAvailabilitySoapApplication - No active profile set, falling back to 1 default profile: "default"
13:52:44.775 [main] INFO  o.s.d.r.c.RepositoryConfigurationDelegate - Bootstrapping Spring Data JPA repositories in DEFAULT mode.
13:52:44.816 [main] INFO  o.s.d.r.c.RepositoryConfigurationDelegate - Finished Spring Data repository scanning in 34 ms. Found 2 JPA repository interfaces.
13:52:45.303 [main] INFO  o.s.b.w.e.tomcat.TomcatWebServer - Tomcat initialized with port(s): 8002 (http)
13:52:45.310 [main] INFO  o.a.coyote.http11.Http11NioProtocol - Initializing ProtocolHandler ["http-nio-8002"]
13:52:45.310 [main] INFO  o.a.catalina.core.StandardService - Starting service [Tomcat]
13:52:45.310 [main] INFO  o.a.catalina.core.StandardEngine - Starting Servlet engine: [Apache Tomcat/9.0.62]
13:52:45.424 [main] INFO  o.a.c.c.C.[Tomcat].[localhost].[/] - Initializing Spring embedded WebApplicationContext
13:52:45.424 [main] INFO  o.s.b.w.s.c.ServletWebServerApplicationContext - Root WebApplicationContext: initialization completed in 1136 ms
13:52:45.525 [main] INFO  o.s.b.web.servlet.RegistrationBean - Servlet CXFServlet was not registered (possibly already registered?)
13:52:45.627 [main] INFO  o.h.jpa.internal.util.LogHelper - HHH000204: Processing PersistenceUnitInfo [name: default]
13:52:45.665 [main] INFO  org.hibernate.Version - HHH000412: Hibernate ORM core version 5.6.8.Final
13:52:45.795 [main] INFO  o.h.annotations.common.Version - HCANN000001: Hibernate Commons Annotations {5.1.2.Final}
13:52:45.879 [main] INFO  com.zaxxer.hikari.HikariDataSource - HikariPool-1 - Starting...
13:52:45.977 [main] INFO  com.zaxxer.hikari.HikariDataSource - HikariPool-1 - Start completed.
13:52:45.991 [main] INFO  org.hibernate.dialect.Dialect - HHH000400: Using dialect: org.hibernate.dialect.PostgreSQLDialect
13:52:46.514 [main] INFO  o.h.e.t.j.p.i.JtaPlatformInitiator - HHH000490: Using JtaPlatform implementation: [org.hibernate.engine.transaction.jta.platform.internal.NoJtaPlatform]
13:52:46.521 [main] INFO  o.s.o.j.LocalContainerEntityManagerFactoryBean - Initialized JPA EntityManagerFactory for persistence unit 'default'
13:52:46.837 [main] INFO  o.a.c.w.s.f.ReflectionServiceFactoryBean - Creating Service {http://services.brian.com/}OrderServiceImplService from class com.brian.services.OrderService
13:52:47.179 [main] INFO  org.apache.cxf.endpoint.ServerImpl - Setting the server's publish address to be /order-service
13:52:47.236 [main] WARN  o.s.b.a.o.j.JpaBaseConfiguration$JpaWebConfiguration - spring.jpa.open-in-view is enabled by default. Therefore, database queries may be performed during view rendering. Explicitly configure spring.jpa.open-in-view to disable this warning
13:52:47.452 [main] INFO  o.a.coyote.http11.Http11NioProtocol - Starting ProtocolHandler ["http-nio-8002"]
13:52:47.468 [main] INFO  o.s.b.w.e.tomcat.TomcatWebServer - Tomcat started on port(s): 8002 (http) with context path ''
13:52:47.476 [main] INFO  c.b.TicketAvailabilitySoapApplication - Started TicketAvailabilitySoapApplication in 3.46 seconds (JVM running for 4.205)
13:52:52.280 [http-nio-8002-exec-1] INFO  com.brian.util.LoggingAspect - Logging after the findOneJet method has returned Jet [id=2, name=beluga no longer, capacity=3, getId()=2, getName()=beluga no longer, getCapacity()=3, hashCode()=1083670158, getClass()=class com.brian.models.Jet, toString()=com.brian.models.Jet@40977e8e]
13:54:17.064 [http-nio-8002-exec-3] INFO  com.brian.util.LoggingAspect - Logging after the saveJet method has returned Jet [id=2, name=beluga no longer, capacity=3, getId()=2, getName()=beluga no longer, getCapacity()=3, hashCode()=1083670158, getClass()=class com.brian.models.Jet, toString()=com.brian.models.Jet@40977e8e]
13:54:29.089 [http-nio-8002-exec-4] INFO  com.brian.util.LoggingAspect - Logging after the deleteJetById method has thrown a(n) org.springframework.dao.EmptyResultDataAccessException: No class com.brian.models.Jet entity with id 4 exists!
13:54:29.091 [http-nio-8002-exec-4] WARN  o.a.cxf.phase.PhaseInterceptorChain - Application {http://services.brian.com/}OrderServiceImplService#{http://services.brian.com/}deleteJetById has thrown exception, unwinding now
org.apache.cxf.interceptor.Fault: No class com.brian.models.Jet entity with id 4 exists!
	at org.apache.cxf.service.invoker.AbstractInvoker.createFault(AbstractInvoker.java:162)
	at org.apache.cxf.jaxws.AbstractJAXWSMethodInvoker.createFault(AbstractJAXWSMethodInvoker.java:267)
	at org.apache.cxf.service.invoker.AbstractInvoker.invoke(AbstractInvoker.java:128)
	at org.apache.cxf.jaxws.AbstractJAXWSMethodInvoker.invoke(AbstractJAXWSMethodInvoker.java:232)
	at org.apache.cxf.jaxws.JAXWSMethodInvoker.invoke(JAXWSMethodInvoker.java:85)
	at org.apache.cxf.service.invoker.AbstractInvoker.invoke(AbstractInvoker.java:74)
	at org.apache.cxf.interceptor.ServiceInvokerInterceptor$1.run(ServiceInvokerInterceptor.java:59)
	at java.base/java.util.concurrent.Executors$RunnableAdapter.call(Executors.java:539)
	at java.base/java.util.concurrent.FutureTask.run(FutureTask.java:264)
	at org.apache.cxf.interceptor.ServiceInvokerInterceptor$2.run(ServiceInvokerInterceptor.java:126)
	at org.apache.cxf.workqueue.SynchronousExecutor.execute(SynchronousExecutor.java:37)
	at org.apache.cxf.interceptor.ServiceInvokerInterceptor.handleMessage(ServiceInvokerInterceptor.java:131)
	at org.apache.cxf.phase.PhaseInterceptorChain.doIntercept(PhaseInterceptorChain.java:307)
	at org.apache.cxf.transport.ChainInitiationObserver.onMessage(ChainInitiationObserver.java:121)
	at org.apache.cxf.transport.http.AbstractHTTPDestination.invoke(AbstractHTTPDestination.java:265)
	at org.apache.cxf.transport.servlet.ServletController.invokeDestination(ServletController.java:234)
	at org.apache.cxf.transport.servlet.ServletController.invoke(ServletController.java:208)
	at org.apache.cxf.transport.servlet.ServletController.invoke(ServletController.java:160)
	at org.apache.cxf.transport.servlet.CXFNonSpringServlet.invoke(CXFNonSpringServlet.java:225)
	at org.apache.cxf.transport.servlet.AbstractHTTPServlet.handleRequest(AbstractHTTPServlet.java:304)
	at org.apache.cxf.transport.servlet.AbstractHTTPServlet.doPost(AbstractHTTPServlet.java:217)
	at javax.servlet.http.HttpServlet.service(HttpServlet.java:681)
	at org.apache.cxf.transport.servlet.AbstractHTTPServlet.service(AbstractHTTPServlet.java:279)
	at org.apache.catalina.core.ApplicationFilterChain.internalDoFilter(ApplicationFilterChain.java:227)
	at org.apache.catalina.core.ApplicationFilterChain.doFilter(ApplicationFilterChain.java:162)
	at org.apache.tomcat.websocket.server.WsFilter.doFilter(WsFilter.java:53)
	at org.apache.catalina.core.ApplicationFilterChain.internalDoFilter(ApplicationFilterChain.java:189)
	at org.apache.catalina.core.ApplicationFilterChain.doFilter(ApplicationFilterChain.java:162)
	at org.springframework.web.filter.RequestContextFilter.doFilterInternal(RequestContextFilter.java:100)
	at org.springframework.web.filter.OncePerRequestFilter.doFilter(OncePerRequestFilter.java:117)
	at org.apache.catalina.core.ApplicationFilterChain.internalDoFilter(ApplicationFilterChain.java:189)
	at org.apache.catalina.core.ApplicationFilterChain.doFilter(ApplicationFilterChain.java:162)
	at org.springframework.web.filter.FormContentFilter.doFilterInternal(FormContentFilter.java:93)
	at org.springframework.web.filter.OncePerRequestFilter.doFilter(OncePerRequestFilter.java:117)
	at org.apache.catalina.core.ApplicationFilterChain.internalDoFilter(ApplicationFilterChain.java:189)
	at org.apache.catalina.core.ApplicationFilterChain.doFilter(ApplicationFilterChain.java:162)
	at org.springframework.web.filter.CharacterEncodingFilter.doFilterInternal(CharacterEncodingFilter.java:201)
	at org.springframework.web.filter.OncePerRequestFilter.doFilter(OncePerRequestFilter.java:117)
	at org.apache.catalina.core.ApplicationFilterChain.internalDoFilter(ApplicationFilterChain.java:189)
	at org.apache.catalina.core.ApplicationFilterChain.doFilter(ApplicationFilterChain.java:162)
	at org.apache.catalina.core.StandardWrapperValve.invoke(StandardWrapperValve.java:197)
	at org.apache.catalina.core.StandardContextValve.invoke(StandardContextValve.java:97)
	at org.apache.catalina.authenticator.AuthenticatorBase.invoke(AuthenticatorBase.java:541)
	at org.apache.catalina.core.StandardHostValve.invoke(StandardHostValve.java:135)
	at org.apache.catalina.valves.ErrorReportValve.invoke(ErrorReportValve.java:92)
	at org.apache.catalina.core.StandardEngineValve.invoke(StandardEngineValve.java:78)
	at org.apache.catalina.connector.CoyoteAdapter.service(CoyoteAdapter.java:360)
	at org.apache.coyote.http11.Http11Processor.service(Http11Processor.java:399)
	at org.apache.coyote.AbstractProcessorLight.process(AbstractProcessorLight.java:65)
	at org.apache.coyote.AbstractProtocol$ConnectionHandler.process(AbstractProtocol.java:890)
	at org.apache.tomcat.util.net.NioEndpoint$SocketProcessor.doRun(NioEndpoint.java:1743)
	at org.apache.tomcat.util.net.SocketProcessorBase.run(SocketProcessorBase.java:49)
	at org.apache.tomcat.util.threads.ThreadPoolExecutor.runWorker(ThreadPoolExecutor.java:1191)
	at org.apache.tomcat.util.threads.ThreadPoolExecutor$Worker.run(ThreadPoolExecutor.java:659)
	at org.apache.tomcat.util.threads.TaskThread$WrappingRunnable.run(TaskThread.java:61)
	at java.base/java.lang.Thread.run(Thread.java:833)
Caused by: org.springframework.dao.EmptyResultDataAccessException: No class com.brian.models.Jet entity with id 4 exists!
	at org.springframework.data.jpa.repository.support.SimpleJpaRepository.lambda$deleteById$0(SimpleJpaRepository.java:172)
	at java.base/java.util.Optional.orElseThrow(Optional.java:403)
	at org.springframework.data.jpa.repository.support.SimpleJpaRepository.deleteById(SimpleJpaRepository.java:171)
	at java.base/jdk.internal.reflect.NativeMethodAccessorImpl.invoke0(Native Method)
	at java.base/jdk.internal.reflect.NativeMethodAccessorImpl.invoke(NativeMethodAccessorImpl.java:77)
	at java.base/jdk.internal.reflect.DelegatingMethodAccessorImpl.invoke(DelegatingMethodAccessorImpl.java:43)
	at java.base/java.lang.reflect.Method.invoke(Method.java:568)
	at org.springframework.data.repository.core.support.RepositoryMethodInvoker$RepositoryFragmentMethodInvoker.lambda$new$0(RepositoryMethodInvoker.java:289)
	at org.springframework.data.repository.core.support.RepositoryMethodInvoker.doInvoke(RepositoryMethodInvoker.java:137)
	at org.springframework.data.repository.core.support.RepositoryMethodInvoker.invoke(RepositoryMethodInvoker.java:121)
	at org.springframework.data.repository.core.support.RepositoryComposition$RepositoryFragments.invoke(RepositoryComposition.java:529)
	at org.springframework.data.repository.core.support.RepositoryComposition.invoke(RepositoryComposition.java:285)
	at org.springframework.data.repository.core.support.RepositoryFactorySupport$ImplementationMethodExecutionInterceptor.invoke(RepositoryFactorySupport.java:639)
	at org.springframework.aop.framework.ReflectiveMethodInvocation.proceed(ReflectiveMethodInvocation.java:186)
	at org.springframework.data.repository.core.support.QueryExecutorMethodInterceptor.doInvoke(QueryExecutorMethodInterceptor.java:163)
	at org.springframework.data.repository.core.support.QueryExecutorMethodInterceptor.invoke(QueryExecutorMethodInterceptor.java:138)
	at org.springframework.aop.framework.ReflectiveMethodInvocation.proceed(ReflectiveMethodInvocation.java:186)
	at org.springframework.data.projection.DefaultMethodInvokingMethodInterceptor.invoke(DefaultMethodInvokingMethodInterceptor.java:80)
	at org.springframework.aop.framework.ReflectiveMethodInvocation.proceed(ReflectiveMethodInvocation.java:186)
	at org.springframework.transaction.interceptor.TransactionInterceptor$1.proceedWithInvocation(TransactionInterceptor.java:123)
	at org.springframework.transaction.interceptor.TransactionAspectSupport.invokeWithinTransaction(TransactionAspectSupport.java:388)
	at org.springframework.transaction.interceptor.TransactionInterceptor.invoke(TransactionInterceptor.java:119)
	at org.springframework.aop.framework.ReflectiveMethodInvocation.proceed(ReflectiveMethodInvocation.java:186)
	at org.springframework.dao.support.PersistenceExceptionTranslationInterceptor.invoke(PersistenceExceptionTranslationInterceptor.java:137)
	at org.springframework.aop.framework.ReflectiveMethodInvocation.proceed(ReflectiveMethodInvocation.java:186)
	at org.springframework.data.jpa.repository.support.CrudMethodMetadataPostProcessor$CrudMethodMetadataPopulatingMethodInterceptor.invoke(CrudMethodMetadataPostProcessor.java:174)
	at org.springframework.aop.framework.ReflectiveMethodInvocation.proceed(ReflectiveMethodInvocation.java:186)
	at org.springframework.aop.interceptor.ExposeInvocationInterceptor.invoke(ExposeInvocationInterceptor.java:97)
	at org.springframework.aop.framework.ReflectiveMethodInvocation.proceed(ReflectiveMethodInvocation.java:186)
	at org.springframework.aop.framework.JdkDynamicAopProxy.invoke(JdkDynamicAopProxy.java:215)
	at jdk.proxy2/jdk.proxy2.$Proxy107.deleteById(Unknown Source)
	at com.brian.services.OrderServiceImpl.deleteJetById(OrderServiceImpl.java:87)
	at com.brian.services.OrderServiceImpl$$FastClassBySpringCGLIB$$a33af1a2.invoke(<generated>)
	at org.springframework.cglib.proxy.MethodProxy.invoke(MethodProxy.java:218)
	at org.springframework.aop.framework.CglibAopProxy$CglibMethodInvocation.invokeJoinpoint(CglibAopProxy.java:793)
	at org.springframework.aop.framework.ReflectiveMethodInvocation.proceed(ReflectiveMethodInvocation.java:163)
	at org.springframework.aop.framework.CglibAopProxy$CglibMethodInvocation.proceed(CglibAopProxy.java:763)
	at org.springframework.aop.aspectj.AspectJAfterThrowingAdvice.invoke(AspectJAfterThrowingAdvice.java:64)
	at org.springframework.aop.framework.ReflectiveMethodInvocation.proceed(ReflectiveMethodInvocation.java:186)
	at org.springframework.aop.framework.CglibAopProxy$CglibMethodInvocation.proceed(CglibAopProxy.java:763)
	at org.springframework.aop.framework.adapter.AfterReturningAdviceInterceptor.invoke(AfterReturningAdviceInterceptor.java:57)
	at org.springframework.aop.framework.ReflectiveMethodInvocation.proceed(ReflectiveMethodInvocation.java:186)
	at org.springframework.aop.framework.CglibAopProxy$CglibMethodInvocation.proceed(CglibAopProxy.java:763)
	at org.springframework.aop.interceptor.ExposeInvocationInterceptor.invoke(ExposeInvocationInterceptor.java:97)
	at org.springframework.aop.framework.ReflectiveMethodInvocation.proceed(ReflectiveMethodInvocation.java:186)
	at org.springframework.aop.framework.CglibAopProxy$CglibMethodInvocation.proceed(CglibAopProxy.java:763)
	at org.springframework.aop.framework.CglibAopProxy$DynamicAdvisedInterceptor.intercept(CglibAopProxy.java:708)
	at com.brian.services.OrderServiceImpl$$EnhancerBySpringCGLIB$$34e3ee50.deleteJetById(<generated>)
	at java.base/jdk.internal.reflect.NativeMethodAccessorImpl.invoke0(Native Method)
	at java.base/jdk.internal.reflect.NativeMethodAccessorImpl.invoke(NativeMethodAccessorImpl.java:77)
	at java.base/jdk.internal.reflect.DelegatingMethodAccessorImpl.invoke(DelegatingMethodAccessorImpl.java:43)
	at java.base/java.lang.reflect.Method.invoke(Method.java:568)
	at org.apache.cxf.service.invoker.AbstractInvoker.performInvocation(AbstractInvoker.java:179)
	at org.apache.cxf.jaxws.JAXWSMethodInvoker.performInvocation(JAXWSMethodInvoker.java:66)
	at org.apache.cxf.service.invoker.AbstractInvoker.invoke(AbstractInvoker.java:96)
	... 53 common frames omitted
13:54:41.082 [http-nio-8002-exec-5] INFO  com.brian.util.LoggingAspect - Logging after the findAllJets method has returned [Jet [id=1, name=Great Air, capacity=25, getId()=1, getName()=Great Air, getCapacity()=25, hashCode()=-334545074, getClass()=class com.brian.models.Jet, toString()=com.brian.models.Jet@ec0f3f4e], Jet [id=2, name=beluga no longer, capacity=3, getId()=2, getName()=beluga no longer, getCapacity()=3, hashCode()=1083670158, getClass()=class com.brian.models.Jet, toString()=com.brian.models.Jet@40977e8e]]
14:29:52.993 [RMI TCP Connection(46)-127.0.0.1] INFO  o.s.b.a.SpringApplicationAdminMXBeanRegistrar$SpringApplicationAdmin - Application shutdown requested.
14:29:53.014 [RMI TCP Connection(46)-127.0.0.1] INFO  o.s.o.j.LocalContainerEntityManagerFactoryBean - Closing JPA EntityManagerFactory for persistence unit 'default'
14:29:53.015 [RMI TCP Connection(46)-127.0.0.1] INFO  com.zaxxer.hikari.HikariDataSource - HikariPool-1 - Shutdown initiated...
14:29:53.017 [RMI TCP Connection(46)-127.0.0.1] INFO  com.zaxxer.hikari.HikariDataSource - HikariPool-1 - Shutdown completed.
